#
# An unexpected error has been detected by Java Runtime Environment:
#
#  EXCEPTION_ACCESS_VIOLATION (0xc0000005) at pc=0x6d98c4a7, pid=712, tid=5032
#
# Java VM: Java HotSpot(TM) Client VM (1.6.0_02-b06 mixed mode)
# Problematic frame:
# V  [jvm.dll+0x11c4a7]
#
# If you would like to submit a bug report, please visit:
#   http://java.sun.com/webapps/bugreport/crash.jsp
#

---------------  T H R E A D  ---------------

Current thread (0x004e1000):  VMThread [id=5032]

siginfo: ExceptionCode=0xc0000005, reading address 0x00000000

Registers:
EAX=0x00000000, EBX=0x08273a40, ECX=0x0ce4fab8, EDX=0x004e17fc
ESP=0x021cfdbc, EBP=0x004e1bd4, ESI=0x004e0478, EDI=0x004e13e0
EIP=0x6d98c4a7, EFLAGS=0x00010206

Top of Stack: (sp=0x021cfdbc)
0x021cfdbc:   0c63fa14 00522248 0ce489e8 00522230
0x021cfdcc:   021cff44 082741e0 08273a40 0c63fa14
0x021cfddc:   004e0478 004e13e0 004e13e8 004e17d4
0x021cfdec:   0000000c 00000000 6d9ba756 0000000c
0x021cfdfc:   0cae8a10 00000004 004e1000 004c9288
0x021cfe0c:   004e17e0 004e17ec 004e1bd4 021cfed0
0x021cfe1c:   0ce4fab8 6d98cd67 6d9af910 004e0478
0x021cfe2c:   004e13e8 0c63f9cc 004e13e0 6d98cd9f 

Instructions: (pc=0x6d98c4a7)
0x6d98c497:   e8 64 01 f9 ff 85 c0 0f 84 3f 01 00 00 8b 40 04
0x6d98c4a7:   8b 08 49 0f 88 1e 01 00 00 8b 40 0c 8d 14 88 8b 


Stack: [0x02180000,0x021d0000),  sp=0x021cfdbc,  free space=319k
Native frames: (J=compiled Java code, j=interpreted, Vv=VM code, C=native code)
V  [jvm.dll+0x11c4a7]

VM_Operation (0x0c63f9cc): change breakpoints, mode: safepoint, requested by thread 0x00516000


---------------  P R O C E S S  ---------------

Java Threads: ( => current thread )
  0x0cb48800 JavaThread "MySQL Statement Cancellation Timer" daemon [_thread_blocked, id=4056]
  0x00524800 JavaThread "Low Memory Detector" daemon [_thread_blocked, id=4476]
  0x00523800 JavaThread "CompilerThread0" daemon [_thread_blocked, id=4456]
  0x00517c00 JavaThread "JDWP Command Reader" daemon [_thread_in_native, id=4080]
  0x00517400 JavaThread "JDWP Event Helper Thread" daemon [_thread_blocked, id=4436]
  0x00516000 JavaThread "JDWP Transport Listener: dt_socket" daemon [_thread_blocked, id=2468]
  0x00508000 JavaThread "Attach Listener" daemon [_thread_blocked, id=4216]
  0x00504800 JavaThread "Signal Dispatcher" daemon [_thread_blocked, id=3808]
  0x004f0000 JavaThread "Finalizer" daemon [_thread_blocked, id=1808]
  0x004e4000 JavaThread "Reference Handler" daemon [_thread_blocked, id=4584]
  0x0226b400 JavaThread "main" [_thread_blocked, id=3508]

Other Threads:
=>0x004e1000 VMThread [id=5032]
  0x00525c00 WatcherThread [id=3624]

VM state:at safepoint (normal execution)

VM Mutex/Monitor currently owned by a thread:  ([mutex/lock_event])
[0x022670a8/0x00000100] Threads_lock - owner thread: 0x004e1000

Heap
 def new generation   total 960K, used 168K [0x04270000, 0x04370000, 0x04750000)
  eden space 896K,  14% used [0x04270000, 0x04290450, 0x04350000)
  from space 64K,  61% used [0x04360000, 0x04369d20, 0x04370000)
  to   space 64K,   0% used [0x04350000, 0x04350000, 0x04360000)
 tenured generation   total 4096K, used 1790K [0x04750000, 0x04b50000, 0x08270000)
   the space 4096K,  43% used [0x04750000, 0x0490f898, 0x0490fa00, 0x04b50000)
 compacting perm gen  total 12288K, used 9748K [0x08270000, 0x08e70000, 0x0c270000)
   the space 12288K,  79% used [0x08270000, 0x08bf5330, 0x08bf5400, 0x08e70000)
No shared spaces configured.

Dynamic libraries:
0x00400000 - 0x00423000 	C:\Program Files (x86)\Java\jdk1.6.0_02\bin\javaw.exe
0x779e0000 - 0x77b60000 	C:\Windows\SysWOW64\ntdll.dll
0x76410000 - 0x76510000 	C:\Windows\syswow64\kernel32.dll
0x75a10000 - 0x75a56000 	C:\Windows\syswow64\KERNELBASE.dll
0x774f0000 - 0x77590000 	C:\Windows\syswow64\ADVAPI32.dll
0x76330000 - 0x763dc000 	C:\Windows\syswow64\msvcrt.dll
0x755b0000 - 0x755c9000 	C:\Windows\SysWOW64\sechost.dll
0x761b0000 - 0x762a0000 	C:\Windows\syswow64\RPCRT4.dll
0x75550000 - 0x755b0000 	C:\Windows\syswow64\SspiCli.dll
0x75540000 - 0x7554c000 	C:\Windows\syswow64\CRYPTBASE.dll
0x75880000 - 0x75980000 	C:\Windows\syswow64\USER32.dll
0x762a0000 - 0x76330000 	C:\Windows\syswow64\GDI32.dll
0x761a0000 - 0x761aa000 	C:\Windows\syswow64\LPK.dll
0x755d0000 - 0x7566d000 	C:\Windows\syswow64\USP10.dll
0x76690000 - 0x766f0000 	C:\Windows\system32\IMM32.DLL
0x76770000 - 0x7683c000 	C:\Windows\syswow64\MSCTF.dll
0x7c340000 - 0x7c396000 	C:\Program Files (x86)\Java\jdk1.6.0_02\jre\bin\msvcr71.dll
0x6d870000 - 0x6dab9000 	C:\Program Files (x86)\Java\jdk1.6.0_02\jre\bin\client\jvm.dll
0x73200000 - 0x73232000 	C:\Windows\system32\WINMM.dll
0x71fb0000 - 0x71ffb000 	C:\Windows\system32\apphelp.dll
0x6d3c0000 - 0x6d3c8000 	C:\Program Files (x86)\Java\jdk1.6.0_02\jre\bin\hpi.dll
0x76680000 - 0x76685000 	C:\Windows\syswow64\PSAPI.DLL
0x6d4b0000 - 0x6d4d9000 	C:\Program Files (x86)\Java\jdk1.6.0_02\jre\bin\jdwp.dll
0x6d770000 - 0x6d776000 	C:\Program Files (x86)\Java\jdk1.6.0_02\jre\bin\npt.dll
0x6d820000 - 0x6d82c000 	C:\Program Files (x86)\Java\jdk1.6.0_02\jre\bin\verify.dll
0x6d460000 - 0x6d47f000 	C:\Program Files (x86)\Java\jdk1.6.0_02\jre\bin\java.dll
0x6d860000 - 0x6d86f000 	C:\Program Files (x86)\Java\jdk1.6.0_02\jre\bin\zip.dll
0x6d330000 - 0x6d337000 	C:\Program Files (x86)\Java\jdk1.6.0_02\jre\bin\dt_socket.dll
0x757b0000 - 0x757e5000 	C:\Windows\syswow64\WS2_32.dll
0x75a60000 - 0x75a66000 	C:\Windows\syswow64\NSI.dll
0x73170000 - 0x73180000 	C:\Windows\system32\NLAapi.dll
0x73590000 - 0x735cc000 	C:\Windows\System32\mswsock.dll
0x72b20000 - 0x72b64000 	C:\Windows\system32\DNSAPI.dll
0x72b10000 - 0x72b18000 	C:\Windows\System32\winrnr.dll
0x72b00000 - 0x72b10000 	C:\Windows\system32\napinsp.dll
0x72ac0000 - 0x72ad2000 	C:\Windows\system32\pnrpnsp.dll
0x731e0000 - 0x731fc000 	C:\Windows\system32\IPHLPAPI.DLL
0x732c0000 - 0x732c7000 	C:\Windows\system32\WINNSI.DLL
0x717e0000 - 0x71818000 	C:\Windows\System32\fwpuclnt.dll
0x72af0000 - 0x72af6000 	C:\Windows\system32\rasadhlp.dll
0x73780000 - 0x73785000 	C:\Windows\System32\wshtcpip.dll
0x6d620000 - 0x6d633000 	C:\Program Files (x86)\Java\jdk1.6.0_02\jre\bin\net.dll
0x73790000 - 0x73796000 	C:\Windows\System32\wship6.dll

VM Arguments:
jvm_args: -agentlib:jdwp=transport=dt_socket,suspend=y,address=localhost:50257 -Dfile.encoding=Cp1256 -Xbootclasspath/a:C:\Users\Amirsaleh\AppData\Local\Genuitec\Common\plugins\com.genuitec.eclipse.j2eedt.core_8.6.0.me201007292038\data\libraryset\1.4\activation.jar;C:\Users\Amirsaleh\AppData\Local\Genuitec\Common\plugins\com.genuitec.eclipse.j2eedt.core_8.6.0.me201007292038\data\libraryset\1.4\javax.servlet.jar;C:\Users\Amirsaleh\AppData\Local\Genuitec\Common\plugins\com.genuitec.eclipse.j2eedt.core_8.6.0.me201007292038\data\libraryset\1.4\javax.servlet.jsp.jar;C:\Users\Amirsaleh\AppData\Local\Genuitec\Common\plugins\com.genuitec.eclipse.j2eedt.core_8.6.0.me201007292038\data\libraryset\1.4\jboss-j2ee.jar;C:\Users\Amirsaleh\AppData\Local\Genuitec\Common\plugins\com.genuitec.eclipse.j2eedt.core_8.6.0.me201007292038\data\libraryset\1.4\jboss-jaxrpc.jar;C:\Users\Amirsaleh\AppData\Local\Genuitec\Common\plugins\com.genuitec.eclipse.j2eedt.core_8.6.0.me201007292038\data\libraryset\1.4\jboss-jsr77.jar;C:\Users\Amirsaleh\AppData\Local\Genuitec\Common\plugins\com.genuitec.eclipse.j2eedt.core_8.6.0.me201007292038\data\libraryset\1.4\jboss-saaj.jar;C:\Users\Amirsaleh\AppData\Local\Genuitec\Common\plugins\com.genuitec.eclipse.j2eedt.core_8.6.0.me201007292038\data\libraryset\1.4\mail.jar;C:\Users\Amirsaleh\AppData\Local\Genuitec\Common\plugins\com.genuitec.eclipse.j2eedt.core_8.6.0.me201007292038\data\libraryset\1.4\namespace.jar;C:\Users\Amirsaleh\AppData\Local\Genuitec\Common\plugins\com.genuitec.eclipse.j2eedt.core_8.6.0.me201007292038\data\libraryset\1.4\xml-apis.jar
java_command: mic.crm.hibernate.customer.customerDAO
Launcher Type: SUN_STANDARD

Environment Variables:
JAVA_HOME=C:\Program Files (x86)\Java\jdk1.6.0_02\bin
PATH=C:\Program Files (x86)\Java\jdk1.6.0_02\jre\bin;C:/Users/Amirsaleh/AppData/Local/Genuitec/Common/binary/com.sun.java.jdk.win32.x86_1.6.0.013/jre/bin/client;C:/Users/Amirsaleh/AppData/Local/Genuitec/Common/binary/com.sun.java.jdk.win32.x86_1.6.0.013/jre/bin;C:\Program Files (x86)\AMD APP\bin\x86_64;C:\Program Files (x86)\AMD APP\bin\x86;C:\Windows\system32;C:\Windows;C:\Windows\System32\Wbem;C:\Windows\System32\WindowsPowerShell\v1.0\;C:\Program Files (x86)\ATI Technologies\ATI.ACE\Core-Static;C:\Program Files\Dell\DW WLAN Card;C:\Program Files (x86)\CVS Suite\CVSNT\;C:\Program Files (x86)\CVS Suite\CVSNT\
USERNAME=Amirsaleh
OS=Windows_NT
PROCESSOR_IDENTIFIER=Intel64 Family 6 Model 30 Stepping 5, GenuineIntel



---------------  S Y S T E M  ---------------

OS: Windows NT 6.1 Build 7600 

CPU:total 8 (8 cores per cpu, 2 threads per core) family 6 model 14 stepping 5, cmov, cx8, fxsr, mmx, sse, sse2, sse3, ssse3, ht

Memory: 4k page, physical 4194303k(3116364k free), swap 4194303k(4194303k free)

vm_info: Java HotSpot(TM) Client VM (1.6.0_02-b06) for windows-x86, built on Jul 12 2007 01:16:14 by "java_re" with unknown MS VC++:1310

